<?xml version="1.0" encoding="UTF-8"?>
<!-- Generated by org.testng.reporters.JUnitXMLReporter -->
<testsuite hostname="Noors-iMac.local" name="Default test" tests="5" failures="0" timestamp="16 Nov 2019 10:13:14 GMT" time="273.953" errors="0">
  <testcase name="LandingPage" time="151.227" classname="test_steps.ValidLogin_Test"/>
  <testcase name="LoginPage" time="0.636" classname="test_steps.ValidLogin_Test"/>
  <testcase name="LoginWithPhone" time="3.79" classname="test_steps.ValidLogin_Test"/>
  <testcase name="VerifyOTP" time="18.068" classname="test_steps.ValidLogin_Test"/>
  <testcase name="SignOut" time="81.292" classname="test_steps.ValidLogin_Test"/>
</testsuite> <!-- Default test -->
